<?xml version="1.0" encoding="utf-8"?><testsuites><testsuite name="pytest" errors="2" failures="0" skipped="0" tests="2" time="3.543" timestamp="2021-04-26T16:00:40.473810" hostname="MININT-44293CS"><testcase classname="" name="applications.nightly_build.test_resnext" time="0.000"><error message="collection failure">test_resnext.py:10: in &lt;module&gt;
    from keras.regularizers import l2
E   ModuleNotFoundError: No module named 'keras'</error><error message="collection failure">ImportError while importing test module 'C:\Users\tomwi\OneDrive - Microsoft\ONNX\keras-onnx\applications\nightly_build\test_resnext.py'.
Hint: make sure your test modules/packages have valid Python names.
Traceback:
C:\Users\tomwi\AppData\Local\Programs\Python\Python38\lib\importlib\__init__.py:127: in import_module
    return _bootstrap._gcd_import(name[level:], package, level)
test_resnext.py:10: in &lt;module&gt;
    from keras.regularizers import l2
E   ModuleNotFoundError: No module named 'keras'</error></testcase></testsuite></testsuites>